2024-03-19 13:28:35: (response.c.430) URI-query       : 
2024-03-19 13:28:35: (response.c.509) -- logical -> physical
2024-03-19 13:28:35: (response.c.511) Doc-Root     : /var/www/html
2024-03-19 13:28:35: (response.c.513) Basedir      : /var/www/html
2024-03-19 13:28:35: (response.c.515) Rel-Path     : /
2024-03-19 13:28:35: (response.c.517) Path         : /var/www/html/
2024-03-19 13:28:35: (response.c.536) -- handling subrequest
2024-03-19 13:28:35: (response.c.538) Path         : /var/www/html/
2024-03-19 13:28:35: (response.c.540) URI          : /
2024-03-19 13:28:35: (response.c.542) Pathinfo     : 
2024-03-19 13:28:35: (mod_indexfile.c.151) -- handling the request as Indexfile
2024-03-19 13:28:35: (mod_indexfile.c.153) URI          : /
2024-03-19 13:28:35: (response.c.179) fd:11 resp: HTTP/1.1 304 Not Modified
2024-03-19 13:28:35: (response.c.179) fd:11 resp: Content-Type: text/html
2024-03-19 13:28:35: (response.c.179) fd:11 resp: ETag: "3828325097"
2024-03-19 13:28:35: (response.c.179) fd:11 resp: Last-Modified: Sat, 11 Feb 2023 03:34:51 GMT
2024-03-19 13:28:35: (response.c.179) fd:11 resp: Date: Tue, 19 Mar 2024 13:28:35 GMT
2024-03-19 13:28:35: (response.c.179) fd:11 resp: Server: lighttpd/1.4.69
2024-03-19 13:28:35: (response.c.179) fd:11 resp: 
2024-03-19 13:28:41: (connections.c.1456) connection closed - keep-alive timeout: 11
